2026-01-08 12:21:48,942 - INFO - ================================================================================
2026-01-08 12:21:48,943 - INFO - Initializing Kite Data Fetcher Server
2026-01-08 12:21:48,943 - INFO - ================================================================================
2026-01-08 12:21:48,943 - INFO - Loading environment variables from .env file
2026-01-08 12:21:48,943 - INFO - API_KEY loaded: lo8381a8...
2026-01-08 12:21:48,943 - INFO - 📄 Loaded configuration from config.json:
2026-01-08 12:21:48,943 - INFO -    Instrument: BANKNIFTY
2026-01-08 12:21:48,943 - INFO -    Exchange: NFO
2026-01-08 12:21:48,943 - INFO -    Type: FUT
2026-01-08 12:21:48,943 - INFO -    Lots: 2
2026-01-08 12:21:48,943 - INFO -    Target: 100 points
2026-01-08 12:21:48,943 - INFO -    High-Low Diff: 500 points
2026-01-08 12:21:48,944 - INFO - 📊 Trading Mode: PAPER
2026-01-08 12:21:48,944 - INFO - 📦 Trade Quantity: 2 lot(s)
2026-01-08 12:21:48,944 - INFO - 🔄 Retry Interval: 300 seconds
2026-01-08 12:21:48,944 - INFO - ⏱️ Fetch Interval: 300 seconds (5-min aligned + 10s delay)
2026-01-08 12:21:48,944 - INFO - 📁 Candles Data File: candles_data.json
2026-01-08 12:21:48,944 - INFO - 📁 Trades Log File: trades.json
2026-01-08 12:21:48,944 - INFO - 📧 Email Notifications: Enabled
2026-01-08 12:21:48,944 - INFO - ================================================================================
2026-01-08 12:21:48,944 - INFO - ================================================================================
2026-01-08 12:21:48,944 - INFO - STARTING KITE DATA FETCHER & TRADING SERVER
2026-01-08 12:21:48,944 - INFO - ================================================================================
2026-01-08 12:21:48,944 - INFO - Attempting to connect to Kite API...
2026-01-08 12:21:48,944 - INFO - Reading access token from file: access_token.txt
2026-01-08 12:21:48,944 - INFO - Access token loaded: QF9l6i7per...
2026-01-08 12:21:48,944 - INFO - Initializing KiteConnect instance
2026-01-08 12:21:48,944 - INFO - Setting access token
2026-01-08 12:21:48,944 - INFO - 📡 Fetching instrument: BANKNIFTY (FUT) from NFO...
2026-01-08 12:21:48,944 - INFO - ℹ️  Base symbol detected: 'BANKNIFTY'
2026-01-08 12:21:48,944 - INFO -    System will auto-select nearest FUT expiry
2026-01-08 12:21:49,790 - INFO - ✓ Found 3 matching instruments
2026-01-08 12:21:49,790 - INFO -    Selecting nearest expiry...
2026-01-08 12:21:49,790 - INFO -    Available expiries: 2026-01-27, 2026-02-24, 2026-03-30
2026-01-08 12:21:49,790 - WARNING - ⚠ API lot size (30) differs from config (15)
2026-01-08 12:21:49,790 - WARNING -    Using config value: 15
2026-01-08 12:21:49,790 - INFO - ================================================================================
2026-01-08 12:21:49,790 - INFO - ✅ INSTRUMENT SELECTED: BANKNIFTY26JANFUT
2026-01-08 12:21:49,790 - INFO -   📌 Instrument Token: 12601346
2026-01-08 12:21:49,790 - INFO -   📌 Exchange: NFO
2026-01-08 12:21:49,790 - INFO -   📌 Type: FUT
2026-01-08 12:21:49,790 - INFO -   📅 Expiry: 2026-01-27
2026-01-08 12:21:49,790 - INFO -   📦 Lot Size: 15 units per lot
2026-01-08 12:21:49,790 - INFO -   💼 Trading: 2 lot(s) × 15 units = 30 total units
2026-01-08 12:21:49,791 - INFO - ================================================================================
2026-01-08 12:21:49,794 - INFO - 🔌 Setting up WebSocket connection...
2026-01-08 12:21:50,082 - ERROR - ✗ WebSocket error: 1006 - connection was closed uncleanly (WebSocket connection upgrade failed (403 - Forbidden))
2026-01-08 12:21:50,082 - WARNING - ⚠ WebSocket closed: 1006 - connection was closed uncleanly (WebSocket connection upgrade failed (403 - Forbidden))
2026-01-08 12:21:51,799 - INFO - ✓ WebSocket setup complete
2026-01-08 12:21:51,800 - INFO - ✓ Kite API connection established successfully
2026-01-08 12:21:51,800 - INFO - ⏰ Current time: 12:21:51
2026-01-08 12:21:51,800 - INFO - ⏰ Next candle completes at: 12:25:00
2026-01-08 12:21:51,800 - INFO - ⏰ Will fetch at: 12:25:10 (+10s delay)
2026-01-08 12:21:51,800 - INFO - ⏰ Waiting 198 seconds...
2026-01-08 12:21:51,801 - INFO - ⏳ Waiting for next 5-minute interval before first fetch...
2026-01-08 12:21:53,308 - ERROR - ✗ WebSocket error: 1006 - connection was closed uncleanly (WebSocket connection upgrade failed (403 - Forbidden))
2026-01-08 12:21:53,308 - WARNING - ⚠ WebSocket closed: 1006 - connection was closed uncleanly (WebSocket connection upgrade failed (403 - Forbidden))
2026-01-08 12:22:01,397 - ERROR - ✗ WebSocket error: 1006 - connection was closed uncleanly (WebSocket connection upgrade failed (403 - Forbidden))
2026-01-08 12:22:01,399 - WARNING - ⚠ WebSocket closed: 1006 - connection was closed uncleanly (WebSocket connection upgrade failed (403 - Forbidden))
2026-01-08 12:22:04,790 - INFO - 
================================================================================
2026-01-08 12:22:04,790 - INFO - Server stopped by user (Ctrl+C)
2026-01-08 12:22:04,790 - INFO - ================================================================================
2026-01-08 13:25:04,548 - INFO - ================================================================================
2026-01-08 13:25:04,549 - INFO - Initializing Kite Data Fetcher Server
2026-01-08 13:25:04,549 - INFO - ================================================================================
2026-01-08 13:25:04,549 - INFO - Loading environment variables from .env file
2026-01-08 13:25:04,549 - INFO - API_KEY loaded: lo8381a8...
2026-01-08 13:25:04,549 - INFO - 📋 Loading configuration from config.json...
2026-01-08 13:25:04,549 - INFO - ✓ Configuration loaded successfully
2026-01-08 13:25:04,549 - INFO -   📈 Instrument: BANKNIFTY
2026-01-08 13:25:04,549 - INFO -   🏢 Exchange: NFO
2026-01-08 13:25:04,549 - INFO -   📊 Type: FUT
2026-01-08 13:25:04,549 - INFO -   📏 High-Low Diff: 35.0
2026-01-08 13:25:04,549 - INFO -   🎯 Target: 100.0
2026-01-08 13:25:04,549 - INFO -   📦 Lots: 1
2026-01-08 13:25:04,549 - INFO -   📦 Lot Size: 30
2026-01-08 13:25:04,549 - INFO -   📦 Total Quantity: 30
2026-01-08 13:25:04,549 - INFO - 📊 Trading Mode: PAPER
2026-01-08 13:25:04,549 - INFO - 📦 Trade Quantity: 1 lot(s)
2026-01-08 13:25:04,549 - INFO - 🔄 Retry Interval: 300 seconds
2026-01-08 13:25:04,549 - INFO - ⏱️  Fetch Interval: 300 seconds (5-min aligned + 10s delay)
2026-01-08 13:25:04,549 - INFO - 📁 Candles Data File: candles_data.json
2026-01-08 13:25:04,549 - INFO - 📁 Trades Log File: trades.json
2026-01-08 13:25:04,549 - INFO - 📧 Email Notifications: Enabled
2026-01-08 13:25:04,549 - INFO - ================================================================================
2026-01-08 13:25:04,549 - INFO - ================================================================================
2026-01-08 13:25:04,549 - INFO - STARTING KITE DATA FETCHER & TRADING SERVER
2026-01-08 13:25:04,549 - INFO - ================================================================================
2026-01-08 13:25:04,549 - INFO - Attempting to connect to Kite API...
2026-01-08 13:25:04,549 - INFO - Reading access token from file: access_token.txt
2026-01-08 13:25:04,549 - INFO - Access token loaded: 41lgtN2rPD...
2026-01-08 13:25:04,549 - INFO - Initializing KiteConnect instance
2026-01-08 13:25:04,550 - INFO - Setting access token
2026-01-08 13:25:04,550 - INFO - Fetching FUT instrument...
2026-01-08 13:25:04,550 - INFO - Fetching BANKNIFTY futures instruments...
2026-01-08 13:25:05,351 - INFO - ✓ Selected BANKNIFTY Futures: BANKNIFTY26JANFUT
2026-01-08 13:25:05,351 - INFO -   Instrument Token: 12601346
2026-01-08 13:25:05,351 - INFO -   Expiry: 2026-01-27
2026-01-08 13:25:05,351 - INFO -   Lot Size: 30 units per lot (from .env)
2026-01-08 13:25:05,351 - INFO -   Trading: 1 lot(s) = 30 units
2026-01-08 13:25:05,354 - INFO - 🔌 Setting up WebSocket connection...
2026-01-08 13:25:05,609 - INFO - ✓ WebSocket connected successfully
2026-01-08 13:25:05,609 - INFO - 📡 Subscribed to BANKNIFTY26JANFUT (12601346)
2026-01-08 13:25:05,609 - INFO - 📊 WebSocket Mode: FULL (real-time OHLC + LTP for entry triggers)
2026-01-08 13:25:07,360 - INFO - ✓ WebSocket setup complete
2026-01-08 13:25:07,360 - INFO - ✓ Kite API connection established successfully
2026-01-08 13:25:07,360 - INFO - ⏰ Current time: 13:25:07
2026-01-08 13:25:07,360 - INFO - ⏰ Next candle completes at: 13:30:00
2026-01-08 13:25:07,360 - INFO - ⏰ Will fetch at: 13:30:10 (+10s delay)
2026-01-08 13:25:07,360 - INFO - ⏰ Waiting 302 seconds...
2026-01-08 13:25:07,360 - INFO - ⏳ Waiting for next 5-minute interval before first fetch...
